[16:53:03] Локомотив запущен!
[16:57:59] Локомотив запущен!
[17:09:23] Локомотив запущен!
[17:09:29] Диагностика запрошена
[17:09:29] Запрошен статус локомотива
[17:09:38] Режим тяги переключен
[17:09:38] Режим тяги переключен
[17:09:40] Тормоза активированы!
[17:09:40] Торможение активировано
[21:38:05] Локомотив запущен!
[21:38:15] Режим тяги переключен
[21:38:15] Режим тяги переключен
[21:46:30] Локомотив запущен!
[21:46:38] Режим тяги переключен
[21:46:41] Тормоза активированы!
[21:50:57] Локомотив запущен!
[07:56:02] Локомотив запущен!
[07:57:00] Локомотив запущен!
[07:57:03] 🔋 Топливо заправлено!
[07:57:03] Топливо заправлено!
[07:57:07] Двигатель охлажден!
[07:58:37] Локомотив запущен!
[08:05:31] Локомотив запущен!
[08:05:55] Двигатель охлажден!
[08:05:55] Двигатель охлажден
[08:06:00] Завершение программы
[14:30:59] Локомотив запущен!
[14:31:04] Программа завершена
